<?xml version="1.0" encoding="UTF-8"?>
<!-- Generated by org.testng.reporters.JUnitXMLReporter -->
<testsuite ignored="1" hostname="Cyborg-Genisys" failures="0" tests="4" name="Home Loan" time="0.028" errors="0" timestamp="2021-06-06T16:04:19 PKT">
  <testcase classname="Test.day3" name="mobile2LoginHomeLoan" time="0.007"/>
  <testcase classname="Test.day3" name="mobileLoginHomeLoan" time="0.001"/>
  <testcase classname="Test.day3" name="webLoginHomeLoan" time="0.002"/>
  <testcase classname="Test.day3" name="APILoginHomeLoan" time="0.002"/>
  <testcase classname="Test.day3" name="mobile1LoginHomeLoan" time="0.0">
    <ignored/>
  </testcase> <!-- mobile1LoginHomeLoan -->
</testsuite> <!-- Home Loan -->
