<?xml version="1.0" encoding="UTF-8"?>
<!-- Generated by org.testng.reporters.JUnitXMLReporter -->
<testsuite ignored="2" hostname="Cyborg-Genisys" failures="0" tests="8" name="Personal Loan" time="0.088" errors="0" timestamp="2021-06-06T16:04:19 PKT">
  <testcase classname="Test.day1" name="demo" time="0.007"/>
  <testcase classname="Test.day1" name="demo1" time="0.002"/>
  <testcase classname="Test.day1" name="demo1" time="0.001"/>
  <testcase classname="Test.day1" name="demo1" time="0.002"/>
  <testcase classname="Test.day2" name="test1plan" time="0.001"/>
  <testcase classname="Test.day2" name="test2plan" time="0.002"/>
  <testcase classname="Test.day2" name="testplan" time="0.002"/>
  <testcase classname="Test.day4" name="APILoginCarLoan" time="0.001"/>
  <testcase classname="Test.day4" name="webLoginCarLoan" time="0.0">
    <ignored/>
  </testcase> <!-- webLoginCarLoan -->
  <testcase classname="Test.day4" name="mobileLoginCarLoan" time="0.0">
    <ignored/>
  </testcase> <!-- mobileLoginCarLoan -->
</testsuite> <!-- Personal Loan -->
