<?xml version="1.0" encoding="UTF-8"?>
<!-- Generated by org.testng.reporters.JUnitXMLReporter -->
<testsuite ignored="9" hostname="Cyborg-Genisys" failures="0" tests="4" name="Regression" time="0.107" errors="0" timestamp="2021-06-04T22:16:20 PKT">
  <testcase classname="Test.day1" name="demo" time="0.023"/>
  <testcase classname="Test.day2" name="testplan" time="0.003"/>
  <testcase classname="Test.day4" name="mobileLoginCarLoan" time="0.004"/>
  <testcase classname="Test.day3" name="webLoginHomeLoan" time="0.002"/>
  <testcase classname="Test.day3" name="APILoginHomeLoan" time="0.0">
    <ignored/>
  </testcase> <!-- APILoginHomeLoan -->
  <testcase classname="Test.day4" name="webLoginCarLoan" time="0.0">
    <ignored/>
  </testcase> <!-- webLoginCarLoan -->
  <testcase classname="Test.day2" name="test1plan" time="0.0">
    <ignored/>
  </testcase> <!-- test1plan -->
  <testcase classname="Test.day2" name="test2plan" time="0.0">
    <ignored/>
  </testcase> <!-- test2plan -->
  <testcase classname="Test.day3" name="mobile2LoginHomeLoan" time="0.0">
    <ignored/>
  </testcase> <!-- mobile2LoginHomeLoan -->
  <testcase classname="Test.day3" name="mobile1LoginHomeLoan" time="0.0">
    <ignored/>
  </testcase> <!-- mobile1LoginHomeLoan -->
  <testcase classname="Test.day3" name="mobileLoginHomeLoan" time="0.0">
    <ignored/>
  </testcase> <!-- mobileLoginHomeLoan -->
  <testcase classname="Test.day4" name="APILoginCarLoan" time="0.0">
    <ignored/>
  </testcase> <!-- APILoginCarLoan -->
  <testcase classname="Test.day1" name="demo1" time="0.0">
    <ignored/>
  </testcase> <!-- demo1 -->
</testsuite> <!-- Regression -->
